<?xml version="1.0" encoding="UTF-8"?>
<!-- Generated by org.testng.reporters.JUnitXMLReporter -->
<testsuite hostname="LAPTOP-AE0FVLSR" ignored="0" name="Default test" tests="6" failures="0" timestamp="2023-11-07T20:53:50 EST" time="4.367" errors="0">
  <testcase name="getrequesttyepecode1" time="2.772" classname="com.org.PutTest"/>
  <testcase name="shravs" time="0.296" classname="com.org.GetTest"/>
  <testcase name="getrequesttyepecode" time="0.388" classname="com.org.Demo3Test"/>
  <testcase name="shravs" time="0.234" classname="com.org.demo1Test"/>
  <testcase name="getrequesttyepecode1" time="0.351" classname="com.org.Demo4Test"/>
  <testcase name="ravi" time="0.268" classname="com.org.Demo2Test"/>
</testsuite> <!-- Default test -->
