<?xml version="1.0" encoding="UTF-8"?>
<!-- Generated by org.testng.reporters.JUnitXMLReporter -->
<testsuite hostname="LAPTOP-AE0FVLSR" ignored="0" name="Test" tests="3" failures="0" timestamp="2023-11-07T21:03:09 EST" time="3.07" errors="0">
  <testcase name="shravs" time="2.229" classname="com.org.GetTest"/>
  <testcase name="getrequesttyepecode1" time="0.39" classname="com.org.PutTest"/>
  <testcase name="getrequesttyepecode1" time="0.41" classname="com.org.Demo4Test"/>
</testsuite> <!-- Test -->
