<?xml version="1.0" encoding="UTF-8"?>
<testsuite xmlns:xsi="http://www.w3.org/2001/XMLSchema-instance" xsi:noNamespaceSchemaLocation="https://maven.apache.org/surefire/maven-surefire-plugin/xsd/surefire-test-report.xsd" name="TestSuite" time="8.1" tests="6" errors="0" skipped="0" failures="0">
  <properties>
[...]
</properties>
  <testcase name="shravs" classname="com.org.demo1Test" time="3.198"/>
  <testcase name="ravi" classname="com.org.Demo2Test" time="0.325"/>
  <testcase name="getrequesttyepecode" classname="com.org.Demo3Test" time="0.859"/>
  <testcase name="shravs" classname="com.org.GetTest" time="0.04"/>
  <testcase name="getrequesttyepecode1" classname="com.org.PutTest" time="0.447"/>
  <testcase name="getrequesttyepecode1" classname="com.org.Demo4Test" time="0.318"/>
</testsuite>