<?xml version="1.0" encoding="UTF-8"?>
<!-- Generated by org.testng.reporters.JUnitXMLReporter -->
<testsuite hostname="LAPTOP-AE0FVLSR" ignored="0" name="Test" tests="3" failures="0" timestamp="08 Nov 2023 02:53:47 GMT" time="1.081" errors="0">
  <testcase name="shravs" time="0.331" classname="com.org.GetTest"/>
  <testcase name="getrequesttyepecode1" time="0.375" classname="com.org.PutTest"/>
  <testcase name="getrequesttyepecode1" time="0.373" classname="com.org.Demo4Test"/>
</testsuite> <!-- Test -->
